0 info it worked if it ends with ok
1 verbose cli [ '/Users/bowang/.nvm/versions/node/v5.3.0/bin/node',
1 verbose cli   '/Users/bowang/.nvm/versions/node/v5.3.0/bin/npm',
1 verbose cli   'run',
1 verbose cli   'preview' ]
2 info using npm@3.8.7
3 info using node@v5.3.0
4 verbose run-script [ 'preview' ]
5 info lifecycle hugo-boilerplate@1.0.0~preview: hugo-boilerplate@1.0.0
6 verbose lifecycle hugo-boilerplate@1.0.0~preview: unsafe-perm in lifecycle true
7 verbose lifecycle hugo-boilerplate@1.0.0~preview: PATH: /Users/bowang/.nvm/versions/node/v5.3.0/lib/node_modules/npm/bin/node-gyp-bin:/Users/bowang/workspace/website/node_modules/.bin:/Users/bowang/.nvm/versions/node/v5.3.0/bin:/Users/bowang/.nvm/versions/node/v5.3.0/bin:/usr/local/bin:/Users/bowang/bin:/Users/jb/AndroidSDK/sdk/platform-tools/:/Users/jb/AndroidSDK/sdk/tools/:/usr/local/bin:/Users/bowang/bin:/Users/jb/AndroidSDK/sdk/platform-tools/:/Users/jb/AndroidSDK/sdk/tools/:/usr/local/bin:/usr/bin:/bin:/usr/sbin:/sbin:/Users/bowang/bin:/Users/jb/AndroidSDK/sdk/platform-tools/:/Users/jb/AndroidSDK/sdk/tools/:/Users/bowang/.rvm/bin:/Users/bowang/.rvm/bin
8 verbose lifecycle hugo-boilerplate@1.0.0~preview: CWD: /Users/bowang/workspace/website
9 silly lifecycle hugo-boilerplate@1.0.0~preview: Args: [ '-c', 'cross-env NODE_ENV=production gulp server' ]
10 silly lifecycle hugo-boilerplate@1.0.0~preview: Returned: code: 1  signal: null
11 info lifecycle hugo-boilerplate@1.0.0~preview: Failed to exec preview script
12 verbose stack Error: hugo-boilerplate@1.0.0 preview: `cross-env NODE_ENV=production gulp server`
12 verbose stack Exit status 1
12 verbose stack     at EventEmitter.<anonymous> (/Users/bowang/.nvm/versions/node/v5.3.0/lib/node_modules/npm/lib/utils/lifecycle.js:244:16)
12 verbose stack     at emitTwo (events.js:87:13)
12 verbose stack     at EventEmitter.emit (events.js:172:7)
12 verbose stack     at ChildProcess.<anonymous> (/Users/bowang/.nvm/versions/node/v5.3.0/lib/node_modules/npm/lib/utils/spawn.js:24:14)
12 verbose stack     at emitTwo (events.js:87:13)
12 verbose stack     at ChildProcess.emit (events.js:172:7)
12 verbose stack     at maybeClose (internal/child_process.js:818:16)
12 verbose stack     at Process.ChildProcess._handle.onexit (internal/child_process.js:211:5)
13 verbose pkgid hugo-boilerplate@1.0.0
14 verbose cwd /Users/bowang/workspace/website
15 error Darwin 16.7.0
16 error argv "/Users/bowang/.nvm/versions/node/v5.3.0/bin/node" "/Users/bowang/.nvm/versions/node/v5.3.0/bin/npm" "run" "preview"
17 error node v5.3.0
18 error npm  v3.8.7
19 error code ELIFECYCLE
20 error hugo-boilerplate@1.0.0 preview: `cross-env NODE_ENV=production gulp server`
20 error Exit status 1
21 error Failed at the hugo-boilerplate@1.0.0 preview script 'cross-env NODE_ENV=production gulp server'.
21 error Make sure you have the latest version of node.js and npm installed.
21 error If you do, this is most likely a problem with the hugo-boilerplate package,
21 error not with npm itself.
21 error Tell the author that this fails on your system:
21 error     cross-env NODE_ENV=production gulp server
21 error You can get information on how to open an issue for this project with:
21 error     npm bugs hugo-boilerplate
21 error Or if that isn't available, you can get their info via:
21 error     npm owner ls hugo-boilerplate
21 error There is likely additional logging output above.
22 verbose exit [ 1, true ]
